{
  "RSpec": {
    "coverage": {
      "/Users/mikkotan/Documents/workspace/freelance/merchant-portal/spec/requests/api/v1/pipelines/index_spec.rb": {
        "lines": [
          null,
          null,
          1,
          null,
          1,
          1,
          1,
          1,
          1,
          1,
          null,
          1,
          1,
          1,
          1,
          null,
          3,
          7,
          7,
          7,
          null,
          4,
          6,
          6,
          null,
          1,
          1,
          null,
          null,
          null,
          null,
          null,
          null,
          null,
          null,
          null,
          null,
          null,
          null,
          null,
          null,
          null,
          null,
          null,
          null,
          null,
          null,
          null,
          1,
          1,
          null,
          null,
          null,
          1,
          2,
          null,
          1,
          1,
          1,
          null,
          null,
          null,
          null,
          1,
          2,
          null,
          1,
          2,
          null,
          1,
          1,
          null,
          null,
          null,
          null,
          1,
          1,
          2,
          null,
          1,
          null,
          null,
          1,
          1,
          2,
          2,
          null,
          1,
          null,
          null,
          1,
          2,
          null,
          1,
          1,
          2,
          null,
          1,
          null,
          null,
          null,
          null,
          null
        ]
      },
      "/Users/mikkotan/Documents/workspace/freelance/merchant-portal/spec/swagger_helper.rb": {
        "lines": [
          null,
          null,
          1,
          null,
          1,
          null,
          null,
          null,
          1,
          null,
          null,
          null,
          null,
          null,
          null,
          null,
          1,
          null,
          null,
          null,
          null,
          null,
          null,
          null,
          null,
          null,
          null,
          null,
          null,
          null,
          null,
          null,
          null,
          null,
          null,
          null,
          null,
          null,
          null,
          null,
          null,
          1,
          null
        ]
      },
      "/Users/mikkotan/Documents/workspace/freelance/merchant-portal/spec/rails_helper.rb": {
        "lines": [
          null,
          null,
          null,
          1,
          1,
          1,
          null,
          1,
          1,
          null,
          1,
          null,
          null,
          null,
          null,
          null,
          null,
          null,
          null,
          null,
          null,
          null,
          null,
          null,
          null,
          null,
          null,
          null,
          null,
          null,
          1,
          null,
          0,
          null,
          1,
          null,
          1,
          null,
          null,
          null,
          null,
          null,
          null,
          1,
          null,
          null,
          null,
          null,
          null,
          null,
          null,
          null,
          null,
          null,
          null,
          null,
          null,
          null,
          null,
          null,
          null,
          1,
          null,
          null,
          1,
          null,
          null,
          null,
          null,
          1,
          1,
          1,
          1,
          null,
          null
        ]
      },
      "/Users/mikkotan/Documents/workspace/freelance/merchant-portal/config/environment.rb": {
        "lines": [
          null,
          null,
          null,
          1,
          null,
          null,
          1
        ]
      },
      "/Users/mikkotan/Documents/workspace/freelance/merchant-portal/config/application.rb": {
        "lines": [
          null,
          null,
          1,
          null,
          1,
          null,
          1,
          1,
          1,
          1,
          1,
          1,
          1,
          1,
          1,
          1,
          null,
          null,
          null,
          null,
          1,
          null,
          1,
          1,
          null,
          1,
          null,
          null,
          null,
          null,
          1,
          null,
          null,
          null,
          null,
          null,
          null,
          null,
          null,
          null,
          null,
          1,
          null,
          null
        ]
      },
      "/Users/mikkotan/Documents/workspace/freelance/merchant-portal/config/boot.rb": {
        "lines": [
          null,
          null,
          1,
          null,
          1,
          1
        ]
      },
      "/Users/mikkotan/Documents/workspace/freelance/merchant-portal/config/environments/test.rb": {
        "lines": [
          null,
          null,
          1,
          null,
          null,
          null,
          null,
          null,
          null,
          1,
          null,
          null,
          null,
          1,
          null,
          null,
          null,
          null,
          null,
          1,
          null,
          null,
          1,
          1,
          null,
          null,
          null,
          null,
          1,
          1,
          1,
          null,
          null,
          1,
          null,
          null,
          1,
          null,
          null,
          1,
          null,
          1,
          null,
          null,
          null,
          null,
          1,
          null,
          null,
          1,
          null,
          null,
          1,
          null,
          null,
          1,
          null,
          null,
          null,
          null,
          null,
          null,
          null,
          null,
          1,
          null
        ]
      },
      "/Users/mikkotan/Documents/workspace/freelance/merchant-portal/config/initializers/assets.rb": {
        "lines": [
          null,
          null,
          null,
          null,
          null,
          1,
          null,
          null,
          null,
          null,
          null,
          null,
          null,
          null
        ]
      },
      "/Users/mikkotan/Documents/workspace/freelance/merchant-portal/config/initializers/content_security_policy.rb": {
        "lines": [
          null,
          null,
          null,
          null,
          null,
          null,
          null,
          null,
          null,
          null,
          null,
          null,
          null,
          null,
          null,
          null,
          null,
          null,
          null,
          null,
          null,
          null,
          null,
          null,
          null,
          null,
          null
        ]
      },
      "/Users/mikkotan/Documents/workspace/freelance/merchant-portal/config/initializers/filter_parameter_logging.rb": {
        "lines": [
          null,
          null,
          null,
          null,
          null,
          null,
          null,
          1,
          null,
          null
        ]
      },
      "/Users/mikkotan/Documents/workspace/freelance/merchant-portal/config/initializers/inflections.rb": {
        "lines": [
          null,
          null,
          null,
          null,
          null,
          null,
          null,
          null,
          null,
          null,
          null,
          null,
          null,
          null,
          null,
          null,
          null,
          null
        ]
      },
      "/Users/mikkotan/Documents/workspace/freelance/merchant-portal/config/initializers/permissions_policy.rb": {
        "lines": [
          null,
          null,
          null,
          null,
          null,
          null,
          null,
          null,
          null,
          null,
          null,
          null,
          null,
          null,
          null
        ]
      },
      "/Users/mikkotan/Documents/workspace/freelance/merchant-portal/config/initializers/rswag_api.rb": {
        "lines": [
          1,
          null,
          null,
          null,
          null,
          null,
          1,
          null,
          null,
          null,
          null,
          null,
          null,
          null
        ]
      },
      "/Users/mikkotan/Documents/workspace/freelance/merchant-portal/config/initializers/rswag_ui.rb": {
        "lines": [
          1,
          null,
          null,
          null,
          null,
          null,
          null,
          null,
          null,
          null,
          1,
          null,
          null,
          1,
          1,
          null
        ]
      },
      "/Users/mikkotan/Documents/workspace/freelance/merchant-portal/spec/factories/active_pipeline.rb": {
        "lines": [
          null,
          null,
          1,
          1,
          1,
          1,
          null,
          null
        ]
      },
      "/Users/mikkotan/Documents/workspace/freelance/merchant-portal/spec/factories/external_users.rb": {
        "lines": [
          null,
          null,
          1,
          1,
          null
        ]
      },
      "/Users/mikkotan/Documents/workspace/freelance/merchant-portal/app/models/external_user.rb": {
        "lines": [
          null,
          null,
          1,
          1,
          null
        ]
      },
      "/Users/mikkotan/Documents/workspace/freelance/merchant-portal/app/models/user.rb": {
        "lines": [
          null,
          null,
          1,
          1,
          0,
          null,
          null,
          1,
          5,
          null,
          null
        ]
      },
      "/Users/mikkotan/Documents/workspace/freelance/merchant-portal/app/models/application_record.rb": {
        "lines": [
          null,
          null,
          1,
          1,
          null
        ]
      },
      "/Users/mikkotan/Documents/workspace/freelance/merchant-portal/spec/factories/internal_users.rb": {
        "lines": [
          null,
          null,
          1,
          1,
          null
        ]
      },
      "/Users/mikkotan/Documents/workspace/freelance/merchant-portal/app/models/internal_user.rb": {
        "lines": [
          null,
          null,
          1,
          null
        ]
      },
      "/Users/mikkotan/Documents/workspace/freelance/merchant-portal/spec/factories/merchant_users.rb": {
        "lines": [
          null,
          null,
          1,
          1,
          1,
          1,
          null,
          null
        ]
      },
      "/Users/mikkotan/Documents/workspace/freelance/merchant-portal/spec/factories/merchants.rb": {
        "lines": [
          null,
          null,
          1,
          1,
          7,
          null,
          null
        ]
      },
      "/Users/mikkotan/Documents/workspace/freelance/merchant-portal/spec/factories/pipelines.rb": {
        "lines": [
          null,
          null,
          1,
          1,
          14,
          14,
          14,
          14,
          8,
          14,
          null,
          null
        ]
      },
      "/Users/mikkotan/Documents/workspace/freelance/merchant-portal/spec/factories/users.rb": {
        "lines": [
          null,
          null,
          1,
          1,
          9,
          null,
          null
        ]
      },
      "/Users/mikkotan/Documents/workspace/freelance/merchant-portal/config/routes.rb": {
        "lines": [
          null,
          null,
          1,
          1,
          1,
          null,
          1,
          1,
          1,
          1,
          null,
          null,
          null
        ]
      },
      "/Users/mikkotan/Documents/workspace/freelance/merchant-portal/app/helpers/application_helper.rb": {
        "lines": [
          null,
          null,
          1,
          null
        ]
      },
      "/Users/mikkotan/Documents/workspace/freelance/merchant-portal/spec/support/factory_bot.rb": {
        "lines": [
          null,
          null,
          1,
          1,
          null
        ]
      },
      "/Users/mikkotan/Documents/workspace/freelance/merchant-portal/app/models/merchant_user.rb": {
        "lines": [
          null,
          null,
          1,
          1,
          1,
          null,
          1,
          1,
          null
        ]
      },
      "/Users/mikkotan/Documents/workspace/freelance/merchant-portal/app/models/merchant.rb": {
        "lines": [
          null,
          null,
          1,
          1,
          1,
          null,
          1,
          null
        ]
      },
      "/Users/mikkotan/Documents/workspace/freelance/merchant-portal/app/models/pipeline.rb": {
        "lines": [
          null,
          null,
          1,
          1,
          null,
          1,
          null,
          1,
          null,
          1,
          null,
          null,
          null,
          null,
          null,
          null,
          1,
          null,
          null,
          null,
          1,
          1,
          null,
          2,
          4,
          null,
          1,
          4,
          null,
          null,
          1,
          null,
          1,
          13,
          null,
          0,
          null,
          null
        ]
      },
      "/Users/mikkotan/Documents/workspace/freelance/merchant-portal/app/controllers/api/v1/pipelines_controller.rb": {
        "lines": [
          null,
          null,
          1,
          1,
          1,
          1,
          6,
          6,
          null,
          null,
          1,
          0,
          0,
          null,
          null,
          null,
          null
        ]
      },
      "/Users/mikkotan/Documents/workspace/freelance/merchant-portal/app/controllers/api_controller.rb": {
        "lines": [
          null,
          null,
          1,
          null,
          1,
          1,
          1,
          null
        ]
      },
      "/Users/mikkotan/Documents/workspace/freelance/merchant-portal/app/controllers/application_controller.rb": {
        "lines": [
          null,
          null,
          1,
          null
        ]
      },
      "/Users/mikkotan/Documents/workspace/freelance/merchant-portal/app/controllers/concerns/request_handlers.rb": {
        "lines": [
          null,
          null,
          1,
          1,
          null,
          1,
          1,
          1,
          1,
          null,
          1,
          null,
          1,
          null,
          6,
          3,
          null,
          0,
          null,
          1,
          null,
          2,
          null,
          0,
          null,
          0,
          null,
          null,
          null,
          1,
          3,
          null,
          null,
          1,
          0,
          null,
          null,
          1,
          0,
          null,
          null,
          1,
          1,
          null,
          null,
          1,
          2,
          null,
          null,
          1,
          0,
          null,
          null,
          1,
          3,
          null,
          null
        ]
      },
      "/Users/mikkotan/Documents/workspace/freelance/merchant-portal/app/services/pipelines/endpoints/list_endpoint.rb": {
        "lines": [
          null,
          null,
          1,
          1,
          1,
          1,
          null,
          1,
          3,
          null,
          3,
          null,
          null,
          1,
          5,
          5,
          5,
          null,
          null,
          5,
          null,
          null,
          1,
          10,
          null,
          null,
          1,
          5,
          null,
          null,
          1,
          8,
          null,
          null,
          1,
          3,
          null,
          null,
          1,
          3,
          null,
          null,
          1,
          null,
          3,
          null,
          null,
          null,
          1,
          3,
          null,
          null,
          null,
          null
        ]
      },
      "/Users/mikkotan/Documents/workspace/freelance/merchant-portal/app/services/base_endpoint_service.rb": {
        "lines": [
          null,
          null,
          1,
          1,
          6,
          6,
          null,
          null,
          1,
          6,
          5,
          null,
          3,
          null,
          null,
          1,
          null,
          1,
          null,
          1,
          0,
          null,
          null,
          1,
          0,
          null,
          null,
          1,
          13,
          null,
          null,
          1,
          10,
          null,
          null,
          1,
          0,
          null,
          null,
          1,
          6,
          6,
          null,
          5,
          5,
          null,
          null,
          1,
          null,
          null,
          null
        ]
      },
      "/Users/mikkotan/Documents/workspace/freelance/merchant-portal/app/services/base_service.rb": {
        "lines": [
          null,
          null,
          1,
          null,
          1,
          1,
          null,
          1,
          1,
          15,
          null,
          null,
          null
        ]
      },
      "/Users/mikkotan/Documents/workspace/freelance/merchant-portal/app/services/authentication_service.rb": {
        "lines": [
          null,
          null,
          1,
          1,
          null,
          1,
          6,
          null,
          null,
          1,
          6,
          6,
          null,
          5,
          null,
          null,
          1,
          null,
          1,
          null,
          1,
          12,
          null,
          null,
          1,
          11,
          null,
          null
        ]
      },
      "/Users/mikkotan/Documents/workspace/freelance/merchant-portal/app/services/pipelines/guards/list_guard.rb": {
        "lines": [
          null,
          null,
          1,
          1,
          1,
          1,
          5,
          3,
          2,
          null,
          1,
          null,
          null,
          1,
          null,
          1,
          6,
          null,
          null,
          1,
          4,
          null,
          null,
          1,
          2,
          null,
          2,
          null,
          null,
          null,
          null
        ]
      },
      "/Users/mikkotan/Documents/workspace/freelance/merchant-portal/app/services/base_guard.rb": {
        "lines": [
          null,
          null,
          1,
          1,
          5,
          5,
          null,
          null,
          1,
          null,
          1,
          null
        ]
      },
      "/Users/mikkotan/Documents/workspace/freelance/merchant-portal/app/services/pipelines/operations/list_operation.rb": {
        "lines": [
          null,
          null,
          1,
          1,
          1,
          1,
          3,
          null,
          null,
          1,
          3,
          3,
          3,
          null,
          3,
          null,
          null,
          1,
          null,
          1,
          null,
          1,
          3,
          null,
          null,
          1,
          4,
          null,
          null,
          1,
          4,
          null,
          null,
          1,
          6,
          null,
          null,
          1,
          3,
          null,
          3,
          null,
          null,
          null,
          null
        ]
      },
      "/Users/mikkotan/Documents/workspace/freelance/merchant-portal/app/services/pipelines/presenters/list_presenter.rb": {
        "lines": [
          null,
          null,
          1,
          1,
          1,
          1,
          3,
          3,
          null,
          null,
          1,
          3,
          4,
          null,
          null,
          null,
          1,
          null,
          1,
          4,
          null,
          null,
          1,
          null,
          null,
          null
        ]
      },
      "/Users/mikkotan/Documents/workspace/freelance/merchant-portal/app/models/active_pipeline.rb": {
        "lines": [
          null,
          null,
          1,
          1,
          1,
          null,
          1,
          1,
          null,
          null,
          1,
          null,
          1,
          null,
          1,
          1,
          null,
          0,
          null,
          null
        ]
      },
      "/Users/mikkotan/Documents/workspace/freelance/merchant-portal/app/services/pipelines/presenters/show_presenter.rb": {
        "lines": [
          null,
          null,
          1,
          1,
          1,
          1,
          4,
          4,
          null,
          null,
          1,
          4,
          null,
          null,
          1,
          null,
          1,
          null,
          1,
          null,
          4,
          null,
          null,
          null,
          null,
          null,
          null,
          null,
          null,
          null,
          1,
          4,
          null,
          4,
          null,
          null,
          1,
          8,
          null,
          null,
          null,
          null
        ]
      }
    },
    "timestamp": 1712890572
  }
}
