{
  "RSpec": {
    "coverage": {
      "/Users/mikkotan/Documents/workspace/freelance/merchant-portal/spec/models/external_user_spec.rb": {
        "lines": [
          null,
          null,
          1,
          null,
          1,
          1,
          2,
          null,
          null
        ]
      },
      "/Users/mikkotan/Documents/workspace/freelance/merchant-portal/spec/rails_helper.rb": {
        "lines": [
          null,
          null,
          null,
          1,
          1,
          1,
          null,
          1,
          1,
          null,
          1,
          null,
          null,
          null,
          null,
          null,
          null,
          null,
          null,
          null,
          null,
          null,
          null,
          null,
          null,
          null,
          null,
          null,
          null,
          null,
          1,
          null,
          0,
          null,
          1,
          null,
          1,
          null,
          null,
          null,
          null,
          null,
          null,
          1,
          null,
          null,
          null,
          null,
          null,
          null,
          null,
          null,
          null,
          null,
          null,
          null,
          null,
          null,
          null,
          null,
          null,
          1,
          null,
          null,
          1,
          null,
          null,
          null,
          null,
          1,
          1,
          1,
          1,
          null,
          null
        ]
      },
      "/Users/mikkotan/Documents/workspace/freelance/merchant-portal/config/environment.rb": {
        "lines": [
          null,
          null,
          null,
          1,
          null,
          null,
          1
        ]
      },
      "/Users/mikkotan/Documents/workspace/freelance/merchant-portal/config/application.rb": {
        "lines": [
          null,
          null,
          1,
          null,
          1,
          null,
          1,
          1,
          1,
          1,
          1,
          1,
          1,
          1,
          1,
          1,
          null,
          null,
          null,
          null,
          1,
          null,
          1,
          1,
          null,
          1,
          null,
          null,
          null,
          null,
          1,
          null,
          null,
          null,
          null,
          null,
          null,
          null,
          null,
          null,
          null,
          1,
          null,
          null
        ]
      },
      "/Users/mikkotan/Documents/workspace/freelance/merchant-portal/config/boot.rb": {
        "lines": [
          null,
          null,
          1,
          null,
          1,
          1
        ]
      },
      "/Users/mikkotan/Documents/workspace/freelance/merchant-portal/config/environments/test.rb": {
        "lines": [
          null,
          null,
          1,
          null,
          null,
          null,
          null,
          null,
          null,
          1,
          null,
          null,
          null,
          1,
          null,
          null,
          null,
          null,
          null,
          1,
          null,
          null,
          1,
          1,
          null,
          null,
          null,
          null,
          1,
          1,
          1,
          null,
          null,
          1,
          null,
          null,
          1,
          null,
          null,
          1,
          null,
          1,
          null,
          null,
          null,
          null,
          1,
          null,
          null,
          1,
          null,
          null,
          1,
          null,
          null,
          1,
          null,
          null,
          null,
          null,
          null,
          null,
          null,
          null,
          1,
          null
        ]
      },
      "/Users/mikkotan/Documents/workspace/freelance/merchant-portal/config/initializers/assets.rb": {
        "lines": [
          null,
          null,
          null,
          null,
          null,
          1,
          null,
          null,
          null,
          null,
          null,
          null,
          null,
          null
        ]
      },
      "/Users/mikkotan/Documents/workspace/freelance/merchant-portal/config/initializers/content_security_policy.rb": {
        "lines": [
          null,
          null,
          null,
          null,
          null,
          null,
          null,
          null,
          null,
          null,
          null,
          null,
          null,
          null,
          null,
          null,
          null,
          null,
          null,
          null,
          null,
          null,
          null,
          null,
          null,
          null,
          null
        ]
      },
      "/Users/mikkotan/Documents/workspace/freelance/merchant-portal/config/initializers/filter_parameter_logging.rb": {
        "lines": [
          null,
          null,
          null,
          null,
          null,
          null,
          null,
          1,
          null,
          null
        ]
      },
      "/Users/mikkotan/Documents/workspace/freelance/merchant-portal/config/initializers/inflections.rb": {
        "lines": [
          null,
          null,
          null,
          null,
          null,
          null,
          null,
          null,
          null,
          null,
          null,
          null,
          null,
          null,
          null,
          null,
          null,
          null
        ]
      },
      "/Users/mikkotan/Documents/workspace/freelance/merchant-portal/config/initializers/permissions_policy.rb": {
        "lines": [
          null,
          null,
          null,
          null,
          null,
          null,
          null,
          null,
          null,
          null,
          null,
          null,
          null,
          null,
          null
        ]
      },
      "/Users/mikkotan/Documents/workspace/freelance/merchant-portal/config/initializers/rswag_api.rb": {
        "lines": [
          1,
          null,
          null,
          null,
          null,
          null,
          1,
          null,
          null,
          null,
          null,
          null,
          null,
          null
        ]
      },
      "/Users/mikkotan/Documents/workspace/freelance/merchant-portal/config/initializers/rswag_ui.rb": {
        "lines": [
          1,
          null,
          null,
          null,
          null,
          null,
          null,
          null,
          null,
          null,
          1,
          null,
          null,
          1,
          1,
          null
        ]
      },
      "/Users/mikkotan/Documents/workspace/freelance/merchant-portal/spec/factories/external_users.rb": {
        "lines": [
          null,
          null,
          1,
          1,
          null
        ]
      },
      "/Users/mikkotan/Documents/workspace/freelance/merchant-portal/app/models/external_user.rb": {
        "lines": [
          null,
          null,
          1,
          1,
          null
        ]
      },
      "/Users/mikkotan/Documents/workspace/freelance/merchant-portal/app/models/user.rb": {
        "lines": [
          null,
          null,
          1,
          1,
          2,
          null,
          null,
          1,
          20,
          null,
          null
        ]
      },
      "/Users/mikkotan/Documents/workspace/freelance/merchant-portal/app/models/application_record.rb": {
        "lines": [
          null,
          null,
          1,
          1,
          null
        ]
      },
      "/Users/mikkotan/Documents/workspace/freelance/merchant-portal/spec/factories/internal_users.rb": {
        "lines": [
          null,
          null,
          1,
          1,
          null
        ]
      },
      "/Users/mikkotan/Documents/workspace/freelance/merchant-portal/app/models/internal_user.rb": {
        "lines": [
          null,
          null,
          1,
          null
        ]
      },
      "/Users/mikkotan/Documents/workspace/freelance/merchant-portal/spec/factories/merchant_users.rb": {
        "lines": [
          null,
          null,
          1,
          1,
          1,
          1,
          null,
          null
        ]
      },
      "/Users/mikkotan/Documents/workspace/freelance/merchant-portal/spec/factories/merchants.rb": {
        "lines": [
          null,
          null,
          1,
          1,
          36,
          null,
          null
        ]
      },
      "/Users/mikkotan/Documents/workspace/freelance/merchant-portal/spec/factories/partners.rb": {
        "lines": [
          null,
          null,
          1,
          1,
          35,
          35,
          35,
          35,
          22,
          33,
          null,
          null
        ]
      },
      "/Users/mikkotan/Documents/workspace/freelance/merchant-portal/spec/factories/pipelines.rb": {
        "lines": [
          null,
          null,
          1,
          1,
          1,
          1,
          10,
          null,
          null
        ]
      },
      "/Users/mikkotan/Documents/workspace/freelance/merchant-portal/spec/factories/users.rb": {
        "lines": [
          null,
          null,
          1,
          1,
          50,
          null,
          null
        ]
      },
      "/Users/mikkotan/Documents/workspace/freelance/merchant-portal/config/routes.rb": {
        "lines": [
          null,
          null,
          1,
          1,
          1,
          null,
          1,
          1,
          1,
          1,
          null,
          null,
          null
        ]
      },
      "/Users/mikkotan/Documents/workspace/freelance/merchant-portal/app/helpers/application_helper.rb": {
        "lines": [
          null,
          null,
          1,
          null
        ]
      },
      "/Users/mikkotan/Documents/workspace/freelance/merchant-portal/spec/support/factory_bot.rb": {
        "lines": [
          null,
          null,
          1,
          1,
          null
        ]
      },
      "/Users/mikkotan/Documents/workspace/freelance/merchant-portal/spec/models/merchant_spec.rb": {
        "lines": [
          null,
          null,
          1,
          null,
          1,
          1,
          2,
          2,
          null,
          null
        ]
      },
      "/Users/mikkotan/Documents/workspace/freelance/merchant-portal/app/models/merchant.rb": {
        "lines": [
          null,
          null,
          1,
          1,
          1,
          null,
          4,
          null
        ]
      },
      "/Users/mikkotan/Documents/workspace/freelance/merchant-portal/spec/models/merchant_user_spec.rb": {
        "lines": [
          null,
          null,
          1,
          null,
          1,
          1,
          2,
          2,
          null,
          null,
          1,
          4,
          null,
          2,
          2,
          2,
          null,
          null
        ]
      },
      "/Users/mikkotan/Documents/workspace/freelance/merchant-portal/app/models/merchant_user.rb": {
        "lines": [
          null,
          null,
          1,
          1,
          1,
          null,
          1,
          1,
          null
        ]
      },
      "/Users/mikkotan/Documents/workspace/freelance/merchant-portal/spec/models/partner_spec.rb": {
        "lines": [
          null,
          null,
          1,
          null,
          1,
          1,
          2,
          null,
          null,
          1,
          2,
          2,
          2,
          2,
          null,
          1,
          3,
          null,
          2,
          null,
          2,
          null,
          1,
          2,
          null,
          2,
          null,
          null,
          null,
          null
        ]
      },
      "/Users/mikkotan/Documents/workspace/freelance/merchant-portal/app/models/partner.rb": {
        "lines": [
          null,
          null,
          1,
          1,
          null,
          1,
          null,
          1,
          null,
          1,
          null,
          null,
          null,
          null,
          null,
          null,
          1,
          null,
          null,
          null,
          1,
          1,
          null,
          1,
          1,
          null,
          null,
          5,
          null,
          1,
          7,
          null,
          null,
          1,
          null,
          1,
          33,
          null,
          1,
          null,
          null
        ]
      },
      "/Users/mikkotan/Documents/workspace/freelance/merchant-portal/spec/models/pipeline_spec.rb": {
        "lines": [
          null,
          null,
          1,
          null,
          1,
          8,
          null,
          8,
          7,
          null,
          1,
          2,
          2,
          null,
          null,
          1,
          2,
          2,
          2,
          null,
          1,
          2,
          null,
          1,
          2,
          null,
          2,
          null,
          null,
          null,
          null
        ]
      },
      "/Users/mikkotan/Documents/workspace/freelance/merchant-portal/app/models/pipeline.rb": {
        "lines": [
          null,
          null,
          1,
          1,
          1,
          null,
          1,
          1,
          null,
          null,
          1,
          null,
          1,
          null,
          1,
          null,
          1,
          10,
          null,
          3,
          null,
          null
        ]
      },
      "/Users/mikkotan/Documents/workspace/freelance/merchant-portal/spec/models/user_spec.rb": {
        "lines": [
          null,
          null,
          1,
          null,
          1,
          1,
          3,
          null,
          2,
          null,
          2,
          null,
          1,
          2,
          null,
          2,
          null,
          null,
          null,
          1,
          3,
          null,
          2,
          null,
          2,
          null,
          1,
          2,
          null,
          2,
          null,
          null,
          null
        ]
      },
      "/Users/mikkotan/Documents/workspace/freelance/merchant-portal/spec/requests/api/v1/merchants/index_spec.rb": {
        "lines": [
          null,
          null,
          1,
          null,
          1,
          1,
          1,
          1,
          1,
          1,
          null,
          1,
          1,
          null,
          2,
          4,
          3,
          null,
          1,
          1,
          null,
          null,
          null,
          null,
          null,
          null,
          null,
          null,
          null,
          null,
          null,
          null,
          null,
          null,
          2,
          null,
          1,
          1,
          null,
          null,
          null,
          1,
          1,
          2,
          null,
          1,
          null,
          null,
          1,
          1,
          2,
          2,
          null,
          1,
          null,
          null,
          null,
          null
        ]
      },
      "/Users/mikkotan/Documents/workspace/freelance/merchant-portal/spec/swagger_helper.rb": {
        "lines": [
          null,
          null,
          1,
          null,
          1,
          null,
          null,
          null,
          1,
          null,
          null,
          null,
          null,
          null,
          null,
          null,
          1,
          null,
          null,
          null,
          null,
          null,
          null,
          null,
          null,
          null,
          null,
          null,
          null,
          null,
          null,
          null,
          null,
          null,
          null,
          null,
          null,
          null,
          null,
          null,
          null,
          1,
          null
        ]
      },
      "/Users/mikkotan/Documents/workspace/freelance/merchant-portal/spec/requests/api/v1/partners/index_spec.rb": {
        "lines": [
          null,
          null,
          1,
          null,
          1,
          1,
          1,
          1,
          1,
          1,
          null,
          1,
          1,
          1,
          1,
          null,
          3,
          7,
          7,
          7,
          null,
          4,
          6,
          6,
          null,
          1,
          1,
          null,
          null,
          null,
          null,
          null,
          null,
          null,
          null,
          null,
          null,
          null,
          null,
          null,
          null,
          null,
          null,
          null,
          null,
          null,
          null,
          null,
          1,
          1,
          null,
          null,
          null,
          1,
          2,
          null,
          1,
          1,
          1,
          null,
          null,
          null,
          null,
          1,
          2,
          null,
          1,
          2,
          null,
          1,
          1,
          null,
          null,
          null,
          null,
          1,
          1,
          2,
          null,
          1,
          null,
          null,
          1,
          1,
          2,
          2,
          null,
          1,
          null,
          null,
          1,
          2,
          null,
          1,
          1,
          2,
          null,
          1,
          null,
          null,
          null,
          null,
          null
        ]
      },
      "/Users/mikkotan/Documents/workspace/freelance/merchant-portal/spec/requests/api/v1/partners/show_spec.rb": {
        "lines": [
          null,
          null,
          1,
          null,
          1,
          1,
          1,
          1,
          1,
          1,
          null,
          1,
          1,
          1,
          null,
          3,
          6,
          null,
          3,
          5,
          4,
          null,
          1,
          1,
          null,
          null,
          null,
          null,
          null,
          null,
          null,
          null,
          null,
          null,
          null,
          null,
          null,
          null,
          null,
          null,
          null,
          null,
          1,
          null,
          null,
          1,
          4,
          4,
          null,
          1,
          1,
          null,
          null,
          1,
          3,
          3,
          null,
          1,
          2,
          null,
          1,
          1,
          null,
          null,
          null,
          1,
          1,
          1,
          null,
          1,
          null,
          null,
          null,
          null,
          null,
          1,
          1,
          null,
          2,
          1,
          null,
          null,
          null,
          null
        ]
      },
      "/Users/mikkotan/Documents/workspace/freelance/merchant-portal/spec/services/authentication_service_spec.rb": {
        "lines": [
          null,
          null,
          1,
          null,
          1,
          1,
          4,
          null,
          2,
          2,
          null,
          1,
          1,
          1,
          null,
          null,
          1,
          2,
          null,
          1,
          1,
          1,
          null,
          null,
          null,
          1,
          2,
          null,
          1,
          1,
          1,
          null,
          null,
          null,
          null
        ]
      },
      "/Users/mikkotan/Documents/workspace/freelance/merchant-portal/app/services/authentication_service.rb": {
        "lines": [
          null,
          null,
          1,
          1,
          null,
          1,
          18,
          null,
          null,
          1,
          18,
          17,
          null,
          14,
          null,
          null,
          1,
          null,
          1,
          null,
          1,
          35,
          null,
          null,
          1,
          31,
          null,
          null
        ]
      },
      "/Users/mikkotan/Documents/workspace/freelance/merchant-portal/app/services/base_service.rb": {
        "lines": [
          null,
          null,
          1,
          null,
          1,
          1,
          null,
          1,
          1,
          64,
          null,
          null,
          null
        ]
      },
      "/Users/mikkotan/Documents/workspace/freelance/merchant-portal/spec/services/merchants/guards/list_guard_spec.rb": {
        "lines": [
          null,
          null,
          1,
          null,
          1,
          1,
          5,
          null,
          2,
          5,
          3,
          null,
          2,
          null,
          1,
          4,
          null,
          2,
          null,
          1,
          3,
          null,
          2,
          2,
          null,
          null,
          null,
          null
        ]
      },
      "/Users/mikkotan/Documents/workspace/freelance/merchant-portal/app/services/merchants/guards/list_guard.rb": {
        "lines": [
          null,
          null,
          1,
          1,
          1,
          1,
          6,
          6,
          null,
          null,
          1,
          6,
          4,
          null,
          1,
          null,
          null,
          1,
          null,
          1,
          null,
          1,
          7,
          null,
          null,
          null,
          null
        ]
      },
      "/Users/mikkotan/Documents/workspace/freelance/merchant-portal/spec/services/merchants/operations/list_operation_spec.rb": {
        "lines": [
          null,
          null,
          1,
          null,
          1,
          1,
          3,
          null,
          3,
          3,
          3,
          2,
          null,
          1,
          2,
          null,
          1,
          1,
          null,
          1,
          1,
          1,
          null,
          null,
          null,
          1,
          1,
          1,
          1,
          null,
          null,
          null,
          null
        ]
      },
      "/Users/mikkotan/Documents/workspace/freelance/merchant-portal/app/services/merchants/operations/list_operation.rb": {
        "lines": [
          null,
          null,
          1,
          1,
          1,
          1,
          3,
          null,
          null,
          1,
          3,
          3,
          null,
          null,
          1,
          null,
          1,
          null,
          null,
          null
        ]
      },
      "/Users/mikkotan/Documents/workspace/freelance/merchant-portal/spec/services/merchants/presenters/list_presenter_spec.rb": {
        "lines": [
          null,
          null,
          1,
          null,
          1,
          1,
          2,
          null,
          2,
          2,
          null,
          1,
          1,
          null,
          null,
          null,
          null,
          null,
          null,
          null,
          null,
          null,
          null
        ]
      },
      "/Users/mikkotan/Documents/workspace/freelance/merchant-portal/app/services/merchants/presenters/list_presenter.rb": {
        "lines": [
          null,
          null,
          1,
          1,
          1,
          1,
          2,
          null,
          null,
          1,
          2,
          null,
          2,
          null,
          null,
          null,
          null,
          null,
          1,
          null,
          1,
          null,
          null,
          null
        ]
      },
      "/Users/mikkotan/Documents/workspace/freelance/merchant-portal/spec/services/pipelines/endpoints/list_endpoint_spec.rb": {
        "lines": [
          null,
          null,
          1,
          null,
          1,
          1,
          4,
          null,
          1,
          3,
          null,
          null,
          2,
          4,
          null,
          4,
          2,
          1,
          null,
          2,
          null,
          1,
          3,
          null,
          2,
          2,
          null,
          null,
          null
        ]
      },
      "/Users/mikkotan/Documents/workspace/freelance/merchant-portal/app/services/partners/endpoints/list_endpoint.rb": {
        "lines": [
          null,
          null,
          1,
          1,
          1,
          1,
          null,
          1,
          4,
          null,
          4,
          null,
          null,
          1,
          18,
          18,
          14,
          null,
          null,
          18,
          null,
          null,
          1,
          12,
          null,
          null,
          1,
          6,
          null,
          null,
          1,
          10,
          null,
          null,
          1,
          4,
          null,
          null,
          1,
          4,
          null,
          null,
          1,
          null,
          4,
          null,
          null,
          null,
          1,
          4,
          null,
          null,
          null,
          null
        ]
      },
      "/Users/mikkotan/Documents/workspace/freelance/merchant-portal/app/services/base_endpoint_service.rb": {
        "lines": [
          null,
          null,
          1,
          1,
          17,
          17,
          null,
          null,
          1,
          17,
          null,
          15,
          13,
          null,
          9,
          null,
          null,
          1,
          null,
          1,
          null,
          1,
          0,
          null,
          null,
          1,
          null,
          null,
          null,
          1,
          53,
          null,
          null,
          1,
          0,
          null,
          null,
          1,
          15,
          15,
          null,
          13,
          13,
          null,
          null,
          1,
          null,
          null,
          null
        ]
      },
      "/Users/mikkotan/Documents/workspace/freelance/merchant-portal/spec/services/pipelines/guards/list_guard_spec.rb": {
        "lines": [
          null,
          null,
          1,
          null,
          1,
          1,
          7,
          null,
          2,
          7,
          5,
          7,
          null,
          2,
          null,
          1,
          6,
          null,
          2,
          null,
          1,
          3,
          null,
          2,
          2,
          null,
          null,
          1,
          3,
          null,
          2,
          2,
          null,
          null,
          null,
          null
        ]
      },
      "/Users/mikkotan/Documents/workspace/freelance/merchant-portal/app/services/partners/guards/list_guard.rb": {
        "lines": [
          null,
          null,
          1,
          1,
          1,
          1,
          12,
          8,
          5,
          null,
          2,
          null,
          null,
          1,
          null,
          1,
          14,
          null,
          null,
          1,
          10,
          null,
          null,
          1,
          5,
          null,
          5,
          null,
          null,
          null,
          null
        ]
      },
      "/Users/mikkotan/Documents/workspace/freelance/merchant-portal/app/services/base_guard.rb": {
        "lines": [
          null,
          null,
          1,
          1,
          17,
          17,
          null,
          null,
          1,
          null,
          1,
          null
        ]
      },
      "/Users/mikkotan/Documents/workspace/freelance/merchant-portal/spec/services/pipelines/operations/find_operation_spec.rb": {
        "lines": [
          null,
          null,
          1,
          null,
          1,
          1,
          5,
          null,
          3,
          3,
          null,
          1,
          2,
          2,
          null,
          null,
          1,
          3,
          null,
          2,
          2,
          null,
          null,
          null
        ]
      },
      "/Users/mikkotan/Documents/workspace/freelance/merchant-portal/app/services/partners/operations/find_operation.rb": {
        "lines": [
          null,
          null,
          1,
          1,
          1,
          1,
          8,
          null,
          null,
          1,
          8,
          8,
          null,
          3,
          null,
          null,
          1,
          null,
          1,
          null,
          null,
          null
        ]
      },
      "/Users/mikkotan/Documents/workspace/freelance/merchant-portal/spec/services/pipelines/operations/list_operation_spec.rb": {
        "lines": [
          null,
          null,
          1,
          null,
          1,
          1,
          5,
          null,
          5,
          5,
          5,
          5,
          5,
          5,
          3,
          null,
          1,
          2,
          null,
          1,
          1,
          1,
          null,
          null,
          null,
          1,
          1,
          1,
          1,
          null,
          null,
          null,
          1,
          3,
          null,
          1,
          2,
          null,
          1,
          1,
          1,
          null,
          null,
          null,
          1,
          1,
          1,
          1,
          null,
          null,
          null,
          null,
          null
        ]
      },
      "/Users/mikkotan/Documents/workspace/freelance/merchant-portal/app/services/partners/operations/list_operation.rb": {
        "lines": [
          null,
          null,
          1,
          1,
          1,
          1,
          8,
          null,
          null,
          1,
          8,
          8,
          8,
          null,
          8,
          null,
          null,
          1,
          null,
          1,
          null,
          1,
          8,
          null,
          null,
          1,
          9,
          null,
          null,
          1,
          11,
          null,
          null,
          1,
          12,
          null,
          null,
          1,
          8,
          null,
          8,
          null,
          null,
          null,
          null
        ]
      },
      "/Users/mikkotan/Documents/workspace/freelance/merchant-portal/spec/services/pipelines/presenters/list_presenter_spec.rb": {
        "lines": [
          null,
          null,
          1,
          null,
          1,
          1,
          2,
          null,
          2,
          2,
          2,
          2,
          null,
          1,
          1,
          1,
          null,
          null,
          null,
          null,
          null
        ]
      },
      "/Users/mikkotan/Documents/workspace/freelance/merchant-portal/app/services/partners/presenters/list_presenter.rb": {
        "lines": [
          null,
          null,
          1,
          1,
          1,
          1,
          5,
          5,
          null,
          null,
          1,
          5,
          5,
          null,
          null,
          null,
          1,
          null,
          1,
          5,
          null,
          null,
          1,
          null,
          null,
          null
        ]
      },
      "/Users/mikkotan/Documents/workspace/freelance/merchant-portal/spec/services/pipelines/presenters/show_presenter_spec.rb": {
        "lines": [
          null,
          null,
          1,
          null,
          1,
          1,
          3,
          null,
          3,
          2,
          null,
          2,
          null,
          1,
          2,
          null,
          2,
          null,
          null,
          null
        ]
      },
      "/Users/mikkotan/Documents/workspace/freelance/merchant-portal/app/services/partners/presenters/show_presenter.rb": {
        "lines": [
          null,
          null,
          1,
          1,
          1,
          1,
          10,
          10,
          null,
          null,
          1,
          10,
          null,
          null,
          1,
          null,
          1,
          null,
          1,
          null,
          10,
          null,
          null,
          null,
          null,
          null,
          null,
          null,
          null,
          null,
          1,
          10,
          null,
          7,
          null,
          null,
          1,
          17,
          null,
          null,
          null,
          null
        ]
      },
      "/Users/mikkotan/Documents/workspace/freelance/merchant-portal/app/controllers/api/v1/merchants_controller.rb": {
        "lines": [
          null,
          null,
          1,
          1,
          1,
          1,
          3,
          3,
          null,
          null,
          null,
          null
        ]
      },
      "/Users/mikkotan/Documents/workspace/freelance/merchant-portal/app/controllers/api_controller.rb": {
        "lines": [
          null,
          null,
          1,
          null,
          1,
          1,
          1,
          null
        ]
      },
      "/Users/mikkotan/Documents/workspace/freelance/merchant-portal/app/controllers/application_controller.rb": {
        "lines": [
          null,
          null,
          1,
          null
        ]
      },
      "/Users/mikkotan/Documents/workspace/freelance/merchant-portal/app/controllers/concerns/request_handlers.rb": {
        "lines": [
          null,
          null,
          1,
          1,
          null,
          1,
          1,
          1,
          1,
          null,
          1,
          null,
          1,
          null,
          14,
          7,
          null,
          0,
          null,
          2,
          null,
          4,
          null,
          1,
          null,
          0,
          null,
          null,
          null,
          1,
          7,
          null,
          null,
          1,
          0,
          null,
          null,
          1,
          0,
          null,
          null,
          1,
          2,
          null,
          null,
          1,
          4,
          null,
          null,
          1,
          1,
          null,
          null,
          1,
          7,
          null,
          null
        ]
      },
      "/Users/mikkotan/Documents/workspace/freelance/merchant-portal/app/services/merchants/endpoints/list_endpoint.rb": {
        "lines": [
          null,
          null,
          1,
          1,
          1,
          1,
          null,
          1,
          1,
          null,
          1,
          null,
          null,
          1,
          6,
          6,
          6,
          null,
          null,
          6,
          null,
          null,
          1,
          4,
          null,
          null,
          1,
          2,
          null,
          null,
          1,
          1,
          null,
          null,
          1,
          1,
          null,
          null,
          null,
          null
        ]
      },
      "/Users/mikkotan/Documents/workspace/freelance/merchant-portal/app/controllers/api/v1/partners_controller.rb": {
        "lines": [
          null,
          null,
          1,
          1,
          1,
          1,
          6,
          6,
          null,
          null,
          1,
          5,
          5,
          null,
          null,
          null,
          null
        ]
      },
      "/Users/mikkotan/Documents/workspace/freelance/merchant-portal/app/services/partners/endpoints/show_endpoint.rb": {
        "lines": [
          null,
          null,
          1,
          1,
          1,
          1,
          null,
          1,
          4,
          null,
          3,
          null,
          null,
          1,
          10,
          null,
          null,
          1,
          4,
          null,
          null,
          1,
          4,
          null,
          null,
          1,
          8,
          null,
          null,
          1,
          3,
          null,
          null,
          null,
          null
        ]
      },
      "/Users/mikkotan/Documents/workspace/freelance/merchant-portal/app/services/partners/guards/show_guard.rb": {
        "lines": [
          null,
          null,
          1,
          1,
          1,
          1,
          5,
          2,
          null,
          1,
          null,
          null,
          1,
          null,
          1,
          9,
          null,
          null,
          1,
          2,
          null,
          2,
          null,
          null,
          null,
          null
        ]
      }
    },
    "timestamp": 1713848978
  }
}
